<?xml version="1.0" encoding="UTF-8"?>
<testsuite xmlns:xsi="http://www.w3.org/2001/XMLSchema-instance" xsi:noNamespaceSchemaLocation="https://maven.apache.org/surefire/maven-surefire-plugin/xsd/surefire-test-report-3.0.xsd" version="3.0" name="com.examly.springapploan.SpringappApplicationTests" time="5.902" tests="9" errors="0" skipped="0" failures="0">
  <properties>
[...]
</properties>
  <testcase name="backend_testGetAllloans" classname="com.examly.springapploan.SpringappApplicationTests" time="0.512">
    <system-out><![CDATA[09:01:45.344 [main] DEBUG org.springframework.boot.test.context.SpringBootTestContextBootstrapper - Neither @ContextConfiguration nor @ContextHierarchy found for test class [SpringappApplicationTests]: using SpringBootContextLoader
09:01:45.347 [main] DEBUG org.springframework.test.context.support.AbstractContextLoader - Could not detect default resource locations for test class [com.examly.springapploan.SpringappApplicationTests]: no resource found for suffixes {-context.xml, Context.groovy}.
09:01:45.347 [main] INFO org.springframework.test.context.support.AnnotationConfigContextLoaderUtils - Could not detect default configuration classes for test class [com.examly.springapploan.SpringappApplicationTests]: SpringappApplicationTests does not declare any static, non-private, non-final, nested classes annotated with @Configuration.
09:01:45.375 [main] DEBUG org.springframework.boot.test.context.SpringBootTestContextBootstrapper - Using ContextCustomizers for test class [SpringappApplicationTests]: [ImportsContextCustomizer, ExcludeFilterContextCustomizer, DuplicateJsonObjectContextCustomizer, MockitoContextCustomizer, TestRestTemplateContextCustomizer, DisableObservabilityContextCustomizer, PropertyMappingContextCustomizer, Customizer]
09:01:45.425 [main] DEBUG org.springframework.context.annotation.ClassPathScanningCandidateComponentProvider - Identified candidate component class: file [/home/coder/project/workspace/springapploan/target/classes/com/examly/springapploan/SpringapploanApplication.class]
09:01:45.426 [main] INFO org.springframework.boot.test.context.SpringBootTestContextBootstrapper - Found @SpringBootConfiguration com.examly.springapploan.SpringapploanApplication for test class com.examly.springapploan.SpringappApplicationTests
09:01:45.492 [main] DEBUG org.springframework.boot.test.context.SpringBootTestContextBootstrapper - Using TestExecutionListeners for test class [SpringappApplicationTests]: [ServletTestExecutionListener, DirtiesContextBeforeModesTestExecutionListener, ApplicationEventsTestExecutionListener, MockitoTestExecutionListener, DependencyInjectionTestExecutionListener, DirtiesContextTestExecutionListener, TransactionalTestExecutionListener, SqlScriptsTestExecutionListener, EventPublishingTestExecutionListener, WithSecurityContextTestExecutionListener, ReactorContextTestExecutionListener, ResetMocksTestExecutionListener, RestDocsTestExecutionListener, MockRestServiceServerResetTestExecutionListener, MockMvcPrintOnlyOnFailureTestExecutionListener, WebDriverTestExecutionListener, MockWebServiceServerTestExecutionListener]
09:01:45.493 [main] DEBUG org.springframework.test.context.support.AbstractDirtiesContextTestExecutionListener - Before test class: class [SpringappApplicationTests], class annotated with @DirtiesContext [false] with mode [null]

  .   ____          _            __ _ _
 /\\ / ___'_ __ _ _(_)_ __  __ _ \ \ \ \
( ( )\___ | '_ | '_| | '_ \/ _` | \ \ \ \
 \\/  ___)| |_)| | | | | || (_| |  ) ) ) )
  '  |____| .__|_| |_|_| |_\__, | / / / /
 =========|_|==============|___/=/_/_/_/
 :: Spring Boot ::                (v3.0.1)

2025-05-26T09:01:45.733Z  INFO 121712 --- [           main] c.e.s.SpringappApplicationTests          : Starting SpringappApplicationTests using Java 17.0.14 with PID 121712 (started by coder in /home/coder/project/workspace/springapploan)
2025-05-26T09:01:45.734Z  INFO 121712 --- [           main] c.e.s.SpringappApplicationTests          : No active profile set, falling back to 1 default profile: "default"
2025-05-26T09:01:46.750Z  INFO 121712 --- [           main] .s.d.r.c.RepositoryConfigurationDelegate : Bootstrapping Spring Data JPA repositories in DEFAULT mode.
2025-05-26T09:01:47.034Z  INFO 121712 --- [           main] .s.d.r.c.RepositoryConfigurationDelegate : Finished Spring Data repository scanning in 229 ms. Found 4 JPA repository interfaces.
2025-05-26T09:01:47.286Z  INFO 121712 --- [           main] o.s.cloud.context.scope.GenericScope     : BeanFactory id=f24c9eb7-1f94-34fc-b55c-c78899dbc09d
2025-05-26T09:01:47.384Z  INFO 121712 --- [           main] trationDelegate$BeanPostProcessorChecker : Bean 'org.springframework.ws.config.annotation.DelegatingWsConfiguration' of type [org.springframework.ws.config.annotation.DelegatingWsConfiguration$$SpringCGLIB$$0] is not eligible for getting processed by all BeanPostProcessors (for example: not eligible for auto-proxying)
2025-05-26T09:01:47.407Z  INFO 121712 --- [           main] .w.s.a.s.AnnotationActionEndpointMapping : Supporting [WS-Addressing August 2004, WS-Addressing 1.0]
2025-05-26T09:01:47.557Z  INFO 121712 --- [           main] o.hibernate.jpa.internal.util.LogHelper  : HHH000204: Processing PersistenceUnitInfo [name: default]
2025-05-26T09:01:47.595Z  INFO 121712 --- [           main] org.hibernate.Version                    : HHH000412: Hibernate ORM core version 6.1.6.Final
2025-05-26T09:01:47.712Z  WARN 121712 --- [           main] org.hibernate.orm.deprecation            : HHH90000021: Encountered deprecated setting [javax.persistence.sharedCache.mode], use [jakarta.persistence.sharedCache.mode] instead
2025-05-26T09:01:47.831Z  INFO 121712 --- [           main] com.zaxxer.hikari.HikariDataSource       : HikariPool-1 - Starting...
2025-05-26T09:01:47.977Z  INFO 121712 --- [           main] com.zaxxer.hikari.pool.HikariPool        : HikariPool-1 - Added connection com.mysql.cj.jdbc.ConnectionImpl@3568ea59
2025-05-26T09:01:47.979Z  INFO 121712 --- [           main] com.zaxxer.hikari.HikariDataSource       : HikariPool-1 - Start completed.
2025-05-26T09:01:48.022Z  INFO 121712 --- [           main] SQL dialect                              : HHH000400: Using dialect: org.hibernate.dialect.MySQLDialect
2025-05-26T09:01:48.679Z  INFO 121712 --- [           main] o.h.e.t.j.p.i.JtaPlatformInitiator       : HHH000490: Using JtaPlatform implementation: [org.hibernate.engine.transaction.jta.platform.internal.NoJtaPlatform]
2025-05-26T09:01:48.687Z  INFO 121712 --- [           main] j.LocalContainerEntityManagerFactoryBean : Initialized JPA EntityManagerFactory for persistence unit 'default'
2025-05-26T09:01:49.123Z  WARN 121712 --- [           main] JpaBaseConfiguration$JpaWebConfiguration : spring.jpa.open-in-view is enabled by default. Therefore, database queries may be performed during view rendering. Explicitly configure spring.jpa.open-in-view to disable this warning
2025-05-26T09:01:49.303Z  INFO 121712 --- [           main] o.s.s.web.DefaultSecurityFilterChain     : Will secure any request with [org.springframework.security.web.session.DisableEncodeUrlFilter@2dc72c0c, org.springframework.security.web.context.request.async.WebAsyncManagerIntegrationFilter@1dc28c66, org.springframework.security.web.context.SecurityContextHolderFilter@160d68b8, org.springframework.security.web.header.HeaderWriterFilter@75693526, org.springframework.security.web.authentication.logout.LogoutFilter@45a40353, org.springframework.security.web.authentication.UsernamePasswordAuthenticationFilter@1a5c0b8, org.springframework.security.web.authentication.ui.DefaultLoginPageGeneratingFilter@793248d, org.springframework.security.web.authentication.ui.DefaultLogoutPageGeneratingFilter@7f97e963, org.springframework.security.web.authentication.www.BasicAuthenticationFilter@5d3d5242, org.springframework.security.web.savedrequest.RequestCacheAwareFilter@1d77d9c6, org.springframework.security.web.servletapi.SecurityContextHolderAwareRequestFilter@2c5b4b91, org.springframework.security.web.authentication.AnonymousAuthenticationFilter@7a25f8ee, org.springframework.security.web.access.ExceptionTranslationFilter@8bb5c2a]
2025-05-26T09:01:49.855Z  INFO 121712 --- [           main] o.s.b.t.m.w.SpringBootMockServletContext : Initializing Spring TestDispatcherServlet ''
2025-05-26T09:01:49.856Z  INFO 121712 --- [           main] o.s.t.web.servlet.TestDispatcherServlet  : Initializing Servlet ''
2025-05-26T09:01:49.857Z  INFO 121712 --- [           main] o.s.t.web.servlet.TestDispatcherServlet  : Completed initialization in 1 ms
2025-05-26T09:01:49.932Z  INFO 121712 --- [           main] DiscoveryClientOptionalArgsConfiguration : Eureka HTTP Client uses RestTemplate.
2025-05-26T09:01:50.051Z  WARN 121712 --- [           main] iguration$LoadBalancerCaffeineWarnLogger : Spring Cloud LoadBalancer is currently working with the default cache. While this cache implementation is useful for development and tests, it's recommended to use Caffeine cache in production.You can switch to using Caffeine cache, by adding it and org.springframework.cache.caffeine.CaffeineCacheManager to the classpath.
2025-05-26T09:01:50.111Z  INFO 121712 --- [           main] o.s.c.n.eureka.InstanceInfoFactory       : Setting initial instance status as: STARTING
2025-05-26T09:01:50.173Z  INFO 121712 --- [           main] com.netflix.discovery.DiscoveryClient    : Initializing Eureka in region us-east-1
2025-05-26T09:01:50.176Z  INFO 121712 --- [           main] c.n.d.s.r.aws.ConfigClusterResolver      : Resolving eureka endpoints via configuration
2025-05-26T09:01:50.203Z  INFO 121712 --- [           main] com.netflix.discovery.DiscoveryClient    : Disable delta property : false
2025-05-26T09:01:50.203Z  INFO 121712 --- [           main] com.netflix.discovery.DiscoveryClient    : Single vip registry refresh property : null
2025-05-26T09:01:50.203Z  INFO 121712 --- [           main] com.netflix.discovery.DiscoveryClient    : Force full registry fetch : false
2025-05-26T09:01:50.203Z  INFO 121712 --- [           main] com.netflix.discovery.DiscoveryClient    : Application is null : false
2025-05-26T09:01:50.203Z  INFO 121712 --- [           main] com.netflix.discovery.DiscoveryClient    : Registered Applications size is zero : true
2025-05-26T09:01:50.203Z  INFO 121712 --- [           main] com.netflix.discovery.DiscoveryClient    : Application version is -1: true
2025-05-26T09:01:50.203Z  INFO 121712 --- [           main] com.netflix.discovery.DiscoveryClient    : Getting all instance registry info from the eureka server
2025-05-26T09:01:50.473Z  INFO 121712 --- [           main] com.netflix.discovery.DiscoveryClient    : The response status is 200
2025-05-26T09:01:50.499Z  INFO 121712 --- [           main] com.netflix.discovery.DiscoveryClient    : Starting heartbeat executor: renew interval is: 30
2025-05-26T09:01:50.502Z  INFO 121712 --- [           main] c.n.discovery.InstanceInfoReplicator     : InstanceInfoReplicator onDemand update allowed rate per min is 4
2025-05-26T09:01:50.507Z  INFO 121712 --- [           main] com.netflix.discovery.DiscoveryClient    : Discovery Client initialized at timestamp 1748250110506 with initial instances count: 0
2025-05-26T09:01:50.512Z  INFO 121712 --- [           main] o.s.c.n.e.s.EurekaServiceRegistry        : Registering application LOAN-SERVICE with eureka with status UP
2025-05-26T09:01:50.512Z  INFO 121712 --- [           main] com.netflix.discovery.DiscoveryClient    : Saw local status change event StatusChangeEvent [timestamp=1748250110512, current=UP, previous=STARTING]
2025-05-26T09:01:50.513Z  INFO 121712 --- [nfoReplicator-0] com.netflix.discovery.DiscoveryClient    : DiscoveryClient_LOAN-SERVICE/bdcaafcceecabdaecfbbcebdabeadeba-0.bdcaafcceecabdaecfbbcebdabeadeba.ide.svc.cluster.local:loan-service:8087: registering service...
2025-05-26T09:01:50.529Z  INFO 121712 --- [           main] c.e.s.SpringappApplicationTests          : Started SpringappApplicationTests in 5.006 seconds (process running for 5.731)
2025-05-26T09:01:50.545Z  INFO 121712 --- [nfoReplicator-0] com.netflix.discovery.DiscoveryClient    : DiscoveryClient_LOAN-SERVICE/bdcaafcceecabdaecfbbcebdabeadeba-0.bdcaafcceecabdaecfbbcebdabeadeba.ide.svc.cluster.local:loan-service:8087 - registration status: 204
2025-05-26T09:01:50.820Z DEBUG 121712 --- [           main] w.c.HttpSessionSecurityContextRepository : Created HttpSession as SecurityContext is non-default
2025-05-26T09:01:50.820Z DEBUG 121712 --- [           main] w.c.HttpSessionSecurityContextRepository : Stored SecurityContextImpl [Authentication=UsernamePasswordAuthenticationToken [Principal=org.springframework.security.core.userdetails.User [Username=test, Password=[PROTECTED], Enabled=true, AccountNonExpired=true, credentialsNonExpired=true, AccountNonLocked=true, Granted Authorities=[ROLE_CUSTOMER]], Credentials=[PROTECTED], Authenticated=true, Details=null, Granted Authorities=[ROLE_CUSTOMER]]] to HttpSession [org.springframework.mock.web.MockHttpSession@67398bad]
2025-05-26T09:01:50.823Z DEBUG 121712 --- [           main] o.s.security.web.FilterChainProxy        : Securing GET /api/loans
2025-05-26T09:01:50.827Z DEBUG 121712 --- [           main] o.s.security.web.FilterChainProxy        : Secured GET /api/loans
2025-05-26T09:01:50.842Z DEBUG 121712 --- [           main] horizationManagerBeforeMethodInterceptor : Authorizing method invocation ReflectiveMethodInvocation: public org.springframework.http.ResponseEntity com.examly.springapploan.controller.LoanController.getAllLoans(); target is of class [com.examly.springapploan.controller.LoanController]
2025-05-26T09:01:50.863Z DEBUG 121712 --- [           main] w.c.HttpSessionSecurityContextRepository : Retrieved SecurityContextImpl [Authentication=UsernamePasswordAuthenticationToken [Principal=org.springframework.security.core.userdetails.User [Username=test, Password=[PROTECTED], Enabled=true, AccountNonExpired=true, credentialsNonExpired=true, AccountNonLocked=true, Granted Authorities=[ROLE_CUSTOMER]], Credentials=[PROTECTED], Authenticated=true, Details=null, Granted Authorities=[ROLE_CUSTOMER]]]
2025-05-26T09:01:50.865Z DEBUG 121712 --- [           main] horizationManagerBeforeMethodInterceptor : Authorized method invocation ReflectiveMethodInvocation: public org.springframework.http.ResponseEntity com.examly.springapploan.controller.LoanController.getAllLoans(); target is of class [com.examly.springapploan.controller.LoanController]
Hibernate: 
    select
        l1_0.loan_id,
        l1_0.description,
        l1_0.grace_period_months,
        l1_0.interest_rate,
        l1_0.late_payment_fee,
        l1_0.loan_type,
        l1_0.max_amount,
        l1_0.max_tenure_months,
        l1_0.min_amount,
        l1_0.min_tenure_months,
        l1_0.prepayment_penalty,
        l1_0.processing_fee,
        l1_0.status 
    from
        loan l1_0

MockHttpServletRequest:
      HTTP Method = GET
      Request URI = /api/loans
       Parameters = {}
          Headers = [Content-Type:"application/json;charset=UTF-8"]
             Body = null
    Session Attrs = {SPRING_SECURITY_CONTEXT=SecurityContextImpl [Authentication=UsernamePasswordAuthenticationToken [Principal=org.springframework.security.core.userdetails.User [Username=test, Password=[PROTECTED], Enabled=true, AccountNonExpired=true, credentialsNonExpired=true, AccountNonLocked=true, Granted Authorities=[ROLE_CUSTOMER]], Credentials=[PROTECTED], Authenticated=true, Details=null, Granted Authorities=[ROLE_CUSTOMER]]]}

Handler:
             Type = com.examly.springapploan.controller.LoanController
           Method = com.examly.springapploan.controller.LoanController#getAllLoans()

Async:
    Async started = false
     Async result = null

Resolved Exception:
             Type = null

ModelAndView:
        View name = null
             View = null
            Model = null

FlashMap:
       Attributes = null

MockHttpServletResponse:
           Status = 200
    Error message = null
          Headers = [Content-Type:"application/json", X-Content-Type-Options:"nosniff", X-XSS-Protection:"0", Cache-Control:"no-cache, no-store, max-age=0, must-revalidate", Pragma:"no-cache", Expires:"0", X-Frame-Options:"DENY"]
     Content type = application/json
             Body = [{"loanId":1,"loanType":"a","interestRate":100.00,"maxAmount":null,"minAmount":1000000.00,"minTenureMonths":360,"maxTenureMonths":360,"description":"loan","status":"abc","processingFee":1.23132323E8,"prepaymentPenalty":null,"gracePeriodMonths":0,"latePaymentFee":null},{"loanId":5,"loanType":"a","interestRate":100.00,"maxAmount":100000000.00,"minAmount":null,"minTenureMonths":3,"maxTenureMonths":360,"description":"loan","status":"abc","processingFee":1.23132323E8,"prepaymentPenalty":100.00,"gracePeriodMonths":12,"latePaymentFee":10000.00},{"loanId":6,"loanType":"a","interestRate":100.00,"maxAmount":100000000.00,"minAmount":null,"minTenureMonths":3,"maxTenureMonths":360,"description":"loan","status":"abc","processingFee":1.23132323E8,"prepaymentPenalty":null,"gracePeriodMonths":12,"latePaymentFee":10000.00},{"loanId":7,"loanType":"a","interestRate":100.00,"maxAmount":100000000.00,"minAmount":1000000.00,"minTenureMonths":3,"maxTenureMonths":360,"description":"loan","status":"abc","processingFee":1.23132323E8,"prepaymentPenalty":100.00,"gracePeriodMonths":12,"latePaymentFee":10000.00},{"loanId":8,"loanType":"a","interestRate":100.00,"maxAmount":123.00,"minAmount":1000000.00,"minTenureMonths":360,"maxTenureMonths":360,"description":"loan","status":"abc","processingFee":1.23132323E8,"prepaymentPenalty":123.00,"gracePeriodMonths":0,"latePaymentFee":144.00},{"loanId":9,"loanType":"a","interestRate":100.00,"maxAmount":123.00,"minAmount":1000000.00,"minTenureMonths":360,"maxTenureMonths":360,"description":"loan","status":"abc","processingFee":1.23132323E8,"prepaymentPenalty":123.00,"gracePeriodMonths":0,"latePaymentFee":144.00},{"loanId":10,"loanType":"a","interestRate":100.00,"maxAmount":12.00,"minAmount":1000000.00,"minTenureMonths":360,"maxTenureMonths":360,"description":"loan","status":"abc","processingFee":1.23132323E8,"prepaymentPenalty":12.00,"gracePeriodMonths":0,"latePaymentFee":12.00},{"loanId":11,"loanType":"a","interestRate":100.00,"maxAmount":123.00,"minAmount":1000000.00,"minTenureMonths":360,"maxTenureMonths":360,"description":"loan","status":"abc","processingFee":1.23132323E8,"prepaymentPenalty":132.00,"gracePeriodMonths":0,"latePaymentFee":123.00}]
    Forwarded URL = null
   Redirected URL = null
          Cookies = []
]]></system-out>
  </testcase>
  <testcase name="backend_testLoanControllerClassExists" classname="com.examly.springapploan.SpringappApplicationTests" time="0.004"/>
  <testcase name="backend_testLoanApplocationModelClassExists" classname="com.examly.springapploan.SpringappApplicationTests" time="0.035"/>
  <testcase name="backend_testLoanApplicationInterfaceAndImplementation" classname="com.examly.springapploan.SpringappApplicationTests" time="0.006"/>
  <testcase name="backend_testLoanApplication_HasManyToOneAnnotation" classname="com.examly.springapploan.SpringappApplicationTests" time="0.004"/>
  <testcase name="backend_testLoanDisbursementHasManyToOneAnnotation" classname="com.examly.springapploan.SpringappApplicationTests" time="0.004"/>
  <testcase name="backend_testLoanModelClassExists" classname="com.examly.springapploan.SpringappApplicationTests" time="0.003"/>
  <testcase name="backend_testLoanApplicationControllerClassExists" classname="com.examly.springapploan.SpringappApplicationTests" time="0.003"/>
  <testcase name="backend_testLoanInterfaceAndImplementation" classname="com.examly.springapploan.SpringappApplicationTests" time="0.002"/>
</testsuite>